  stdafx.cpp
  window.cpp
i:\koodi\3d engine\3d-projekti_0.4\window\window.cpp(1): fatal error C1041: cannot open program database 'I:\Koodi\3D Engine\3d-Projekti_0.4\window\Debug\vc141.idb'; if multiple CL.EXE write to the same .PDB file, please use /FS
  utilities.cpp
i:\koodi\3d engine\3d-projekti_0.4\window\utilities.cpp(92): warning C4018: '<': signed/unsigned mismatch
i:\koodi\3d engine\3d-projekti_0.4\window\utilities.cpp(108): warning C4305: '=': truncation from 'double' to 'GLfloat'
i:\koodi\3d engine\3d-projekti_0.4\window\utilities.cpp(109): warning C4305: '=': truncation from 'double' to 'GLfloat'
i:\koodi\3d engine\3d-projekti_0.4\window\utilities.cpp(110): warning C4305: '=': truncation from 'double' to 'GLfloat'
i:\koodi\3d engine\3d-projekti_0.4\window\utilities.cpp(111): warning C4305: '=': truncation from 'double' to 'GLfloat'
i:\koodi\3d engine\3d-projekti_0.4\window\utilities.cpp(112): warning C4305: '=': truncation from 'double' to 'GLfloat'
i:\koodi\3d engine\3d-projekti_0.4\window\utilities.cpp(113): warning C4305: '=': truncation from 'double' to 'GLfloat'
  UI.cpp
i:\koodi\3d engine\3d-projekti_0.4\window\ui.cpp(37): warning C4244: 'initializing': conversion from 'double' to 'float', possible loss of data
i:\koodi\3d engine\3d-projekti_0.4\window\ui.cpp(38): warning C4244: 'initializing': conversion from 'double' to 'float', possible loss of data
i:\koodi\3d engine\3d-projekti_0.4\window\ui.cpp(42): warning C4244: 'argument': conversion from 'double' to 'GLfloat', possible loss of data
  Tools.cpp
i:\koodi\3d engine\3d-projekti_0.4\window\tools.cpp(11): warning C4244: '=': conversion from 'std::streamoff' to 'GLint', possible loss of data
i:\koodi\3d engine\3d-projekti_0.4\window\tools.cpp(57): warning C4996: 'strtok': This function or variable may be unsafe. Consider using strtok_s instead. To disable deprecation, use _CRT_SECURE_NO_WARNINGS. See online help for details.
  c:\program files (x86)\windows kits\10\include\10.0.15063.0\ucrt\string.h(439): note: see declaration of 'strtok'
i:\koodi\3d engine\3d-projekti_0.4\window\tools.cpp(58): warning C4996: 'strtok': This function or variable may be unsafe. Consider using strtok_s instead. To disable deprecation, use _CRT_SECURE_NO_WARNINGS. See online help for details.
  c:\program files (x86)\windows kits\10\include\10.0.15063.0\ucrt\string.h(439): note: see declaration of 'strtok'
i:\koodi\3d engine\3d-projekti_0.4\window\tools.cpp(67): warning C4996: 'strtok': This function or variable may be unsafe. Consider using strtok_s instead. To disable deprecation, use _CRT_SECURE_NO_WARNINGS. See online help for details.
  c:\program files (x86)\windows kits\10\include\10.0.15063.0\ucrt\string.h(439): note: see declaration of 'strtok'
i:\koodi\3d engine\3d-projekti_0.4\window\tools.cpp(68): warning C4996: 'strtok': This function or variable may be unsafe. Consider using strtok_s instead. To disable deprecation, use _CRT_SECURE_NO_WARNINGS. See online help for details.
  c:\program files (x86)\windows kits\10\include\10.0.15063.0\ucrt\string.h(439): note: see declaration of 'strtok'
i:\koodi\3d engine\3d-projekti_0.4\window\tools.cpp(69): warning C4996: 'strtok': This function or variable may be unsafe. Consider using strtok_s instead. To disable deprecation, use _CRT_SECURE_NO_WARNINGS. See online help for details.
  c:\program files (x86)\windows kits\10\include\10.0.15063.0\ucrt\string.h(439): note: see declaration of 'strtok'
i:\koodi\3d engine\3d-projekti_0.4\window\tools.cpp(71): warning C4996: 'strtok': This function or variable may be unsafe. Consider using strtok_s instead. To disable deprecation, use _CRT_SECURE_NO_WARNINGS. See online help for details.
  c:\program files (x86)\windows kits\10\include\10.0.15063.0\ucrt\string.h(439): note: see declaration of 'strtok'
i:\koodi\3d engine\3d-projekti_0.4\window\tools.cpp(72): warning C4996: 'strtok': This function or variable may be unsafe. Consider using strtok_s instead. To disable deprecation, use _CRT_SECURE_NO_WARNINGS. See online help for details.
  c:\program files (x86)\windows kits\10\include\10.0.15063.0\ucrt\string.h(439): note: see declaration of 'strtok'
i:\koodi\3d engine\3d-projekti_0.4\window\tools.cpp(89): warning C4996: 'strtok': This function or variable may be unsafe. Consider using strtok_s instead. To disable deprecation, use _CRT_SECURE_NO_WARNINGS. See online help for details.
  c:\program files (x86)\windows kits\10\include\10.0.15063.0\ucrt\string.h(439): note: see declaration of 'strtok'
i:\koodi\3d engine\3d-projekti_0.4\window\tools.cpp(90): warning C4996: 'strtok': This function or variable may be unsafe. Consider using strtok_s instead. To disable deprecation, use _CRT_SECURE_NO_WARNINGS. See online help for details.
  c:\program files (x86)\windows kits\10\include\10.0.15063.0\ucrt\string.h(439): note: see declaration of 'strtok'
i:\koodi\3d engine\3d-projekti_0.4\window\tools.cpp(91): warning C4996: 'strtok': This function or variable may be unsafe. Consider using strtok_s instead. To disable deprecation, use _CRT_SECURE_NO_WARNINGS. See online help for details.
  c:\program files (x86)\windows kits\10\include\10.0.15063.0\ucrt\string.h(439): note: see declaration of 'strtok'
i:\koodi\3d engine\3d-projekti_0.4\window\tools.cpp(206): warning C4996: 'strtok': This function or variable may be unsafe. Consider using strtok_s instead. To disable deprecation, use _CRT_SECURE_NO_WARNINGS. See online help for details.
  c:\program files (x86)\windows kits\10\include\10.0.15063.0\ucrt\string.h(439): note: see declaration of 'strtok'
i:\koodi\3d engine\3d-projekti_0.4\window\tools.cpp(207): warning C4996: 'strtok': This function or variable may be unsafe. Consider using strtok_s instead. To disable deprecation, use _CRT_SECURE_NO_WARNINGS. See online help for details.
  c:\program files (x86)\windows kits\10\include\10.0.15063.0\ucrt\string.h(439): note: see declaration of 'strtok'
i:\koodi\3d engine\3d-projekti_0.4\window\tools.cpp(216): warning C4996: 'strtok': This function or variable may be unsafe. Consider using strtok_s instead. To disable deprecation, use _CRT_SECURE_NO_WARNINGS. See online help for details.
  c:\program files (x86)\windows kits\10\include\10.0.15063.0\ucrt\string.h(439): note: see declaration of 'strtok'
i:\koodi\3d engine\3d-projekti_0.4\window\tools.cpp(217): warning C4996: 'strtok': This function or variable may be unsafe. Consider using strtok_s instead. To disable deprecation, use _CRT_SECURE_NO_WARNINGS. See online help for details.
  c:\program files (x86)\windows kits\10\include\10.0.15063.0\ucrt\string.h(439): note: see declaration of 'strtok'
i:\koodi\3d engine\3d-projekti_0.4\window\tools.cpp(218): warning C4996: 'strtok': This function or variable may be unsafe. Consider using strtok_s instead. To disable deprecation, use _CRT_SECURE_NO_WARNINGS. See online help for details.
  c:\program files (x86)\windows kits\10\include\10.0.15063.0\ucrt\string.h(439): note: see declaration of 'strtok'
i:\koodi\3d engine\3d-projekti_0.4\window\tools.cpp(220): warning C4996: 'strtok': This function or variable may be unsafe. Consider using strtok_s instead. To disable deprecation, use _CRT_SECURE_NO_WARNINGS. See online help for details.
  c:\program files (x86)\windows kits\10\include\10.0.15063.0\ucrt\string.h(439): note: see declaration of 'strtok'
i:\koodi\3d engine\3d-projekti_0.4\window\tools.cpp(221): warning C4996: 'strtok': This function or variable may be unsafe. Consider using strtok_s instead. To disable deprecation, use _CRT_SECURE_NO_WARNINGS. See online help for details.
  c:\program files (x86)\windows kits\10\include\10.0.15063.0\ucrt\string.h(439): note: see declaration of 'strtok'
i:\koodi\3d engine\3d-projekti_0.4\window\tools.cpp(238): warning C4996: 'strtok': This function or variable may be unsafe. Consider using strtok_s instead. To disable deprecation, use _CRT_SECURE_NO_WARNINGS. See online help for details.
  c:\program files (x86)\windows kits\10\include\10.0.15063.0\ucrt\string.h(439): note: see declaration of 'strtok'
i:\koodi\3d engine\3d-projekti_0.4\window\tools.cpp(239): warning C4996: 'strtok': This function or variable may be unsafe. Consider using strtok_s instead. To disable deprecation, use _CRT_SECURE_NO_WARNINGS. See online help for details.
  c:\program files (x86)\windows kits\10\include\10.0.15063.0\ucrt\string.h(439): note: see declaration of 'strtok'
i:\koodi\3d engine\3d-projekti_0.4\window\tools.cpp(240): warning C4996: 'strtok': This function or variable may be unsafe. Consider using strtok_s instead. To disable deprecation, use _CRT_SECURE_NO_WARNINGS. See online help for details.
  c:\program files (x86)\windows kits\10\include\10.0.15063.0\ucrt\string.h(439): note: see declaration of 'strtok'
i:\koodi\3d engine\3d-projekti_0.4\window\tools.cpp(249): warning C4996: 'strtok': This function or variable may be unsafe. Consider using strtok_s instead. To disable deprecation, use _CRT_SECURE_NO_WARNINGS. See online help for details.
  c:\program files (x86)\windows kits\10\include\10.0.15063.0\ucrt\string.h(439): note: see declaration of 'strtok'
i:\koodi\3d engine\3d-projekti_0.4\window\tools.cpp(250): warning C4996: 'strtok': This function or variable may be unsafe. Consider using strtok_s instead. To disable deprecation, use _CRT_SECURE_NO_WARNINGS. See online help for details.
  c:\program files (x86)\windows kits\10\include\10.0.15063.0\ucrt\string.h(439): note: see declaration of 'strtok'
i:\koodi\3d engine\3d-projekti_0.4\window\tools.cpp(251): warning C4996: 'strtok': This function or variable may be unsafe. Consider using strtok_s instead. To disable deprecation, use _CRT_SECURE_NO_WARNINGS. See online help for details.
  c:\program files (x86)\windows kits\10\include\10.0.15063.0\ucrt\string.h(439): note: see declaration of 'strtok'
  Terrain.cpp
  Renderer.cpp
i:\koodi\3d engine\3d-projekti_0.4\window\renderer.cpp(8): warning C4305: '=': truncation from 'double' to 'GLfloat'
i:\koodi\3d engine\3d-projekti_0.4\window\renderer.cpp(9): warning C4305: '=': truncation from 'double' to 'GLfloat'
i:\koodi\3d engine\3d-projekti_0.4\window\renderer.cpp(10): warning C4305: '=': truncation from 'double' to 'GLfloat'
i:\koodi\3d engine\3d-projekti_0.4\window\renderer.cpp(12): warning C4305: '=': truncation from 'double' to 'GLfloat'
i:\koodi\3d engine\3d-projekti_0.4\window\renderer.cpp(13): warning C4305: '=': truncation from 'double' to 'GLfloat'
i:\koodi\3d engine\3d-projekti_0.4\window\renderer.cpp(14): warning C4305: '=': truncation from 'double' to 'GLfloat'
i:\koodi\3d engine\3d-projekti_0.4\window\renderer.cpp(15): warning C4305: '=': truncation from 'double' to 'GLfloat'
i:\koodi\3d engine\3d-projekti_0.4\window\renderer.cpp(16): warning C4305: '=': truncation from 'double' to 'GLfloat'
i:\koodi\3d engine\3d-projekti_0.4\window\renderer.cpp(17): warning C4305: '=': truncation from 'double' to 'GLfloat'
i:\koodi\3d engine\3d-projekti_0.4\window\renderer.cpp(26): warning C4305: 'argument': truncation from 'double' to 'GLclampf'
i:\koodi\3d engine\3d-projekti_0.4\window\renderer.cpp(246): warning C4244: 'argument': conversion from 'double' to 'float', possible loss of data
i:\koodi\3d engine\3d-projekti_0.4\window\renderer.cpp(247): warning C4244: 'argument': conversion from 'double' to 'float', possible loss of data
i:\koodi\3d engine\3d-projekti_0.4\window\renderer.cpp(255): warning C4244: 'argument': conversion from 'double' to 'float', possible loss of data
i:\koodi\3d engine\3d-projekti_0.4\window\renderer.cpp(256): warning C4244: 'argument': conversion from 'double' to 'float', possible loss of data
  Player.cpp
i:\koodi\3d engine\3d-projekti_0.4\window\player.cpp(8): warning C4305: '=': truncation from 'double' to 'float'
i:\koodi\3d engine\3d-projekti_0.4\window\player.cpp(9): warning C4305: '=': truncation from 'double' to 'float'
i:\koodi\3d engine\3d-projekti_0.4\window\player.cpp(10): warning C4305: '=': truncation from 'double' to 'float'
i:\koodi\3d engine\3d-projekti_0.4\window\player.cpp(12): warning C4305: '=': truncation from 'double' to 'float'
i:\koodi\3d engine\3d-projekti_0.4\window\player.cpp(13): warning C4305: '=': truncation from 'double' to 'float'
i:\koodi\3d engine\3d-projekti_0.4\window\player.cpp(14): warning C4305: '=': truncation from 'double' to 'float'
i:\koodi\3d engine\3d-projekti_0.4\window\player.cpp(40): warning C4244: 'argument': conversion from 'double' to 'float', possible loss of data
i:\koodi\3d engine\3d-projekti_0.4\window\player.cpp(48): warning C4244: 'argument': conversion from 'int' to 'GLfloat', possible loss of data
i:\koodi\3d engine\3d-projekti_0.4\window\player.cpp(51): warning C4244: 'argument': conversion from 'double' to 'GLfloat', possible loss of data
i:\koodi\3d engine\3d-projekti_0.4\window\player.cpp(52): warning C4244: 'argument': conversion from 'double' to 'GLfloat', possible loss of data
i:\koodi\3d engine\3d-projekti_0.4\window\player.cpp(53): warning C4244: 'argument': conversion from 'double' to 'GLfloat', possible loss of data
i:\koodi\3d engine\3d-projekti_0.4\window\player.cpp(54): warning C4244: 'argument': conversion from 'double' to 'GLfloat', possible loss of data
i:\koodi\3d engine\3d-projekti_0.4\window\player.cpp(181): warning C4244: 'argument': conversion from 'double' to 'float', possible loss of data
i:\koodi\3d engine\3d-projekti_0.4\window\player.cpp(182): warning C4244: 'argument': conversion from 'double' to 'float', possible loss of data
i:\koodi\3d engine\3d-projekti_0.4\window\player.cpp(200): warning C4244: 'argument': conversion from 'double' to 'float', possible loss of data
i:\koodi\3d engine\3d-projekti_0.4\window\player.cpp(201): warning C4244: 'argument': conversion from 'double' to 'float', possible loss of data
i:\koodi\3d engine\3d-projekti_0.4\window\player.cpp(219): warning C4244: 'argument': conversion from 'double' to 'float', possible loss of data
i:\koodi\3d engine\3d-projekti_0.4\window\player.cpp(220): warning C4244: 'argument': conversion from 'double' to 'float', possible loss of data
i:\koodi\3d engine\3d-projekti_0.4\window\player.cpp(238): warning C4244: 'argument': conversion from 'double' to 'float', possible loss of data
i:\koodi\3d engine\3d-projekti_0.4\window\player.cpp(239): warning C4244: 'argument': conversion from 'double' to 'float', possible loss of data
i:\koodi\3d engine\3d-projekti_0.4\window\player.cpp(252): warning C4244: '=': conversion from 'double' to 'GLfloat', possible loss of data
i:\koodi\3d engine\3d-projekti_0.4\window\player.cpp(253): warning C4244: '=': conversion from 'double' to 'GLfloat', possible loss of data
i:\koodi\3d engine\3d-projekti_0.4\window\player.cpp(257): warning C4244: 'argument': conversion from 'double' to 'float', possible loss of data
i:\koodi\3d engine\3d-projekti_0.4\window\player.cpp(258): warning C4244: 'argument': conversion from 'double' to 'float', possible loss of data
i:\koodi\3d engine\3d-projekti_0.4\window\player.cpp(271): warning C4244: '=': conversion from 'double' to 'GLfloat', possible loss of data
i:\koodi\3d engine\3d-projekti_0.4\window\player.cpp(272): warning C4244: '=': conversion from 'double' to 'GLfloat', possible loss of data
i:\koodi\3d engine\3d-projekti_0.4\window\player.cpp(276): warning C4244: 'argument': conversion from 'double' to 'float', possible loss of data
i:\koodi\3d engine\3d-projekti_0.4\window\player.cpp(277): warning C4244: 'argument': conversion from 'double' to 'float', possible loss of data
i:\koodi\3d engine\3d-projekti_0.4\window\player.cpp(290): warning C4244: '=': conversion from 'double' to 'GLfloat', possible loss of data
i:\koodi\3d engine\3d-projekti_0.4\window\player.cpp(291): warning C4244: '=': conversion from 'double' to 'GLfloat', possible loss of data
i:\koodi\3d engine\3d-projekti_0.4\window\player.cpp(295): warning C4244: 'argument': conversion from 'double' to 'float', possible loss of data
i:\koodi\3d engine\3d-projekti_0.4\window\player.cpp(296): warning C4244: 'argument': conversion from 'double' to 'float', possible loss of data
i:\koodi\3d engine\3d-projekti_0.4\window\player.cpp(309): warning C4244: '=': conversion from 'double' to 'GLfloat', possible loss of data
i:\koodi\3d engine\3d-projekti_0.4\window\player.cpp(310): warning C4244: '=': conversion from 'double' to 'GLfloat', possible loss of data
i:\koodi\3d engine\3d-projekti_0.4\window\player.cpp(314): warning C4244: 'argument': conversion from 'double' to 'float', possible loss of data
i:\koodi\3d engine\3d-projekti_0.4\window\player.cpp(315): warning C4244: 'argument': conversion from 'double' to 'float', possible loss of data
i:\koodi\3d engine\3d-projekti_0.4\window\player.cpp(352): warning C4018: '<': signed/unsigned mismatch
i:\koodi\3d engine\3d-projekti_0.4\window\player.cpp(373): warning C4305: '=': truncation from 'double' to 'float'
i:\koodi\3d engine\3d-projekti_0.4\window\player.cpp(410): warning C4018: '<': signed/unsigned mismatch
i:\koodi\3d engine\3d-projekti_0.4\window\player.cpp(431): warning C4305: '=': truncation from 'double' to 'float'
c:\program files (x86)\microsoft visual studio\2017\enterprise\vc\tools\msvc\14.11.25503\include\utility(188): warning C4244: 'initializing': conversion from 'double' to 'float', possible loss of data
  i:\koodi\3d engine\3d-projekti_0.4\window\player.cpp(458): note: see reference to function template instantiation 'std::pair<float,float>::pair<float,double,void,0>(_Other1 &&,_Other2 &&) noexcept' being compiled
          with
          [
              _Other1=float,
              _Other2=double
          ]
  i:\koodi\3d engine\3d-projekti_0.4\window\player.cpp(458): note: see reference to function template instantiation 'std::pair<float,float>::pair<float,double,void,0>(_Other1 &&,_Other2 &&) noexcept' being compiled
          with
          [
              _Other1=float,
              _Other2=double
          ]
  ModelManager.cpp
  Model.cpp
i:\koodi\3d engine\3d-projekti_0.4\window\model.cpp(24): warning C4305: '=': truncation from 'double' to 'GLfloat'
i:\koodi\3d engine\3d-projekti_0.4\window\model.cpp(25): warning C4305: '=': truncation from 'double' to 'GLfloat'
i:\koodi\3d engine\3d-projekti_0.4\window\model.cpp(26): warning C4305: '=': truncation from 'double' to 'GLfloat'
i:\koodi\3d engine\3d-projekti_0.4\window\model.cpp(27): warning C4305: '=': truncation from 'double' to 'GLfloat'
i:\koodi\3d engine\3d-projekti_0.4\window\model.cpp(28): warning C4305: '=': truncation from 'double' to 'GLfloat'
i:\koodi\3d engine\3d-projekti_0.4\window\model.cpp(29): warning C4305: '=': truncation from 'double' to 'GLfloat'
i:\koodi\3d engine\3d-projekti_0.4\window\model.cpp(30): warning C4305: '=': truncation from 'double' to 'GLfloat'
i:\koodi\3d engine\3d-projekti_0.4\window\model.cpp(31): warning C4305: '=': truncation from 'double' to 'GLfloat'
i:\koodi\3d engine\3d-projekti_0.4\window\model.cpp(32): warning C4305: '=': truncation from 'double' to 'GLfloat'
i:\koodi\3d engine\3d-projekti_0.4\window\model.cpp(39): warning C4305: '=': truncation from 'double' to 'GLfloat'
i:\koodi\3d engine\3d-projekti_0.4\window\model.cpp(40): warning C4305: '=': truncation from 'double' to 'GLfloat'
i:\koodi\3d engine\3d-projekti_0.4\window\model.cpp(41): warning C4305: '=': truncation from 'double' to 'GLfloat'
i:\koodi\3d engine\3d-projekti_0.4\window\model.cpp(42): warning C4305: '=': truncation from 'double' to 'GLfloat'
i:\koodi\3d engine\3d-projekti_0.4\window\model.cpp(43): warning C4305: '=': truncation from 'double' to 'GLfloat'
i:\koodi\3d engine\3d-projekti_0.4\window\model.cpp(44): warning C4305: '=': truncation from 'double' to 'GLfloat'
i:\koodi\3d engine\3d-projekti_0.4\window\model.cpp(54): warning C4305: '=': truncation from 'double' to 'GLfloat'
i:\koodi\3d engine\3d-projekti_0.4\window\model.cpp(55): warning C4305: '=': truncation from 'double' to 'GLfloat'
i:\koodi\3d engine\3d-projekti_0.4\window\model.cpp(56): warning C4305: '=': truncation from 'double' to 'GLfloat'
i:\koodi\3d engine\3d-projekti_0.4\window\model.cpp(57): warning C4305: '=': truncation from 'double' to 'GLfloat'
i:\koodi\3d engine\3d-projekti_0.4\window\model.cpp(58): warning C4305: '=': truncation from 'double' to 'GLfloat'
i:\koodi\3d engine\3d-projekti_0.4\window\model.cpp(59): warning C4305: '=': truncation from 'double' to 'GLfloat'
i:\koodi\3d engine\3d-projekti_0.4\window\model.cpp(60): warning C4305: '=': truncation from 'double' to 'GLfloat'
i:\koodi\3d engine\3d-projekti_0.4\window\model.cpp(61): warning C4305: '=': truncation from 'double' to 'GLfloat'
i:\koodi\3d engine\3d-projekti_0.4\window\model.cpp(62): warning C4305: '=': truncation from 'double' to 'GLfloat'
i:\koodi\3d engine\3d-projekti_0.4\window\model.cpp(69): warning C4305: '=': truncation from 'double' to 'GLfloat'
i:\koodi\3d engine\3d-projekti_0.4\window\model.cpp(70): warning C4305: '=': truncation from 'double' to 'GLfloat'
i:\koodi\3d engine\3d-projekti_0.4\window\model.cpp(71): warning C4305: '=': truncation from 'double' to 'GLfloat'
i:\koodi\3d engine\3d-projekti_0.4\window\model.cpp(72): warning C4305: '=': truncation from 'double' to 'GLfloat'
i:\koodi\3d engine\3d-projekti_0.4\window\model.cpp(73): warning C4305: '=': truncation from 'double' to 'GLfloat'
i:\koodi\3d engine\3d-projekti_0.4\window\model.cpp(74): warning C4305: '=': truncation from 'double' to 'GLfloat'
i:\koodi\3d engine\3d-projekti_0.4\window\model.cpp(75): warning C4305: '=': truncation from 'double' to 'GLfloat'
i:\koodi\3d engine\3d-projekti_0.4\window\model.cpp(76): warning C4305: '=': truncation from 'double' to 'GLfloat'
i:\koodi\3d engine\3d-projekti_0.4\window\model.cpp(77): warning C4305: '=': truncation from 'double' to 'GLfloat'
  LevelManager.cpp
i:\koodi\3d engine\3d-projekti_0.4\window\levelmanager.cpp(25): warning C4305: 'argument': truncation from 'double' to 'GLfloat'
  GameObject.cpp
  eventHandling.cpp
i:\koodi\3d engine\3d-projekti_0.4\window\eventhandling.cpp(26): warning C4244: 'argument': conversion from 'LPARAM' to 'char', possible loss of data
  Engine.cpp
i:\koodi\3d engine\3d-projekti_0.4\window\engine.cpp(19): warning C4244: '=': conversion from 'double' to 'int', possible loss of data
i:\koodi\3d engine\3d-projekti_0.4\window\engine.cpp(20): warning C4244: '=': conversion from 'double' to 'int', possible loss of data
i:\koodi\3d engine\3d-projekti_0.4\window\engine.cpp(62): warning C4244: 'argument': conversion from 'double' to 'float', possible loss of data
i:\koodi\3d engine\3d-projekti_0.4\window\engine.cpp(65): warning C4305: '+=': truncation from 'double' to 'float'
  Bitmap.cpp
i:\koodi\3d engine\3d-projekti_0.4\window\bitmap.cpp(50): warning C4018: '<': signed/unsigned mismatch
i:\koodi\3d engine\3d-projekti_0.4\window\bitmap.cpp(7): warning C4996: 'fopen': This function or variable may be unsafe. Consider using fopen_s instead. To disable deprecation, use _CRT_SECURE_NO_WARNINGS. See online help for details.
  c:\program files (x86)\windows kits\10\include\10.0.15063.0\ucrt\stdio.h(207): note: see declaration of 'fopen'
i:\koodi\3d engine\3d-projekti_0.4\window\bitmap.cpp(81): warning C4996: 'fopen': This function or variable may be unsafe. Consider using fopen_s instead. To disable deprecation, use _CRT_SECURE_NO_WARNINGS. See online help for details.
  c:\program files (x86)\windows kits\10\include\10.0.15063.0\ucrt\stdio.h(207): note: see declaration of 'fopen'
  Generating Code...
i:\koodi\3d engine\3d-projekti_0.4\window\bitmap.cpp(63): warning C4700: uninitialized local variable 'tmpheight' used
